<?xml version="1.0" encoding="UTF-8"?>
<testsuite name="hello.core.member.MemberServiceTest" tests="1" skipped="0" failures="0" errors="0" timestamp="2023-07-12T16:10:06" hostname="DESKTOP-4TNIODI" time="0.08">
  <properties/>
  <testcase name="join()" classname="hello.core.member.MemberServiceTest" time="0.08"/>
  <system-out><![CDATA[]]></system-out>
  <system-err><![CDATA[]]></system-err>
</testsuite>
